1580746738035	mozrunner::runner	INFO	Running command: "/usr/bin/firefox" "-marionette" "-foreground" "-no-remote" "-profile" "/tmp/rust_mozprofile.pduIPtvf1yP4"
1580746739256	addons.webextension.doh-rollout@mozilla.org	WARN	Loading extension 'doh-rollout@mozilla.org': Reading manifest: Invalid extension permission: networkStatus
1580746739489	addons.webextension.screenshots@mozilla.org	WARN	Loading extension 'screenshots@mozilla.org': Reading manifest: Invalid extension permission: mozillaAddons
1580746739489	addons.webextension.screenshots@mozilla.org	WARN	Loading extension 'screenshots@mozilla.org': Reading manifest: Invalid extension permission: telemetry
1580746739489	addons.webextension.screenshots@mozilla.org	WARN	Loading extension 'screenshots@mozilla.org': Reading manifest: Invalid extension permission: resource://pdf.js/
1580746739489	addons.webextension.screenshots@mozilla.org	WARN	Loading extension 'screenshots@mozilla.org': Reading manifest: Invalid extension permission: about:reader*
1580746742309	Marionette	INFO	Listening on port 46743
1580746742400	Marionette	WARN	TLS certificate errors will be ignored for this session
1580746768256	Marionette	INFO	Stopped listening on port 46743
1580762733372	mozrunner::runner	INFO	Running command: "/usr/bin/firefox" "-marionette" "-foreground" "-no-remote" "-profile" "/tmp/rust_mozprofile.9AAc7rpvCZ9v"
1580762740470	addons.webextension.doh-rollout@mozilla.org	WARN	Loading extension 'doh-rollout@mozilla.org': Reading manifest: Invalid extension permission: networkStatus
1580762742419	addons.webextension.screenshots@mozilla.org	WARN	Loading extension 'screenshots@mozilla.org': Reading manifest: Invalid extension permission: mozillaAddons
1580762742423	addons.webextension.screenshots@mozilla.org	WARN	Loading extension 'screenshots@mozilla.org': Reading manifest: Invalid extension permission: telemetry
1580762742423	addons.webextension.screenshots@mozilla.org	WARN	Loading extension 'screenshots@mozilla.org': Reading manifest: Invalid extension permission: resource://pdf.js/
1580762742423	addons.webextension.screenshots@mozilla.org	WARN	Loading extension 'screenshots@mozilla.org': Reading manifest: Invalid extension permission: about:reader*
1580762752454	Marionette	INFO	Listening on port 35863
1580762752464	Marionette	WARN	TLS certificate errors will be ignored for this session
1580762754612	Marionette	INFO	Stopped listening on port 35863
1580762844822	mozrunner::runner	INFO	Running command: "/usr/bin/firefox" "-marionette" "-foreground" "-no-remote" "-profile" "/tmp/rust_mozprofile.U8NIJT5IXSzg"
1580762845460	addons.webextension.doh-rollout@mozilla.org	WARN	Loading extension 'doh-rollout@mozilla.org': Reading manifest: Invalid extension permission: networkStatus
1580762845602	addons.webextension.screenshots@mozilla.org	WARN	Loading extension 'screenshots@mozilla.org': Reading manifest: Invalid extension permission: mozillaAddons
1580762845602	addons.webextension.screenshots@mozilla.org	WARN	Loading extension 'screenshots@mozilla.org': Reading manifest: Invalid extension permission: telemetry
1580762845602	addons.webextension.screenshots@mozilla.org	WARN	Loading extension 'screenshots@mozilla.org': Reading manifest: Invalid extension permission: resource://pdf.js/
1580762845602	addons.webextension.screenshots@mozilla.org	WARN	Loading extension 'screenshots@mozilla.org': Reading manifest: Invalid extension permission: about:reader*
1580762847894	Marionette	INFO	Listening on port 46813
1580762847934	Marionette	WARN	TLS certificate errors will be ignored for this session
1580762849438	Marionette	INFO	Stopped listening on port 46813
JavaScript error: resource://services-settings/RemoteSettingsClient.jsm, line 149: Error: Unknown callback
1580854281963	mozrunner::runner	INFO	Running command: "/usr/bin/firefox" "-marionette" "-foreground" "-no-remote" "-profile" "/tmp/rust_mozprofile.34XXVuiBUUev"
1580854292607	addons.webextension.doh-rollout@mozilla.org	WARN	Loading extension 'doh-rollout@mozilla.org': Reading manifest: Invalid extension permission: networkStatus
1580854294232	addons.webextension.screenshots@mozilla.org	WARN	Loading extension 'screenshots@mozilla.org': Reading manifest: Invalid extension permission: mozillaAddons
1580854294232	addons.webextension.screenshots@mozilla.org	WARN	Loading extension 'screenshots@mozilla.org': Reading manifest: Invalid extension permission: telemetry
1580854294232	addons.webextension.screenshots@mozilla.org	WARN	Loading extension 'screenshots@mozilla.org': Reading manifest: Invalid extension permission: resource://pdf.js/
1580854294233	addons.webextension.screenshots@mozilla.org	WARN	Loading extension 'screenshots@mozilla.org': Reading manifest: Invalid extension permission: about:reader*
1580854305426	Marionette	INFO	Listening on port 39599
1580854305536	Marionette	WARN	TLS certificate errors will be ignored for this session
1580854307406	Marionette	INFO	Stopped listening on port 39599
JavaScript error: resource://activity-stream/lib/ActivityStreamPrefs.jsm, line 27: NS_ERROR_ILLEGAL_VALUE: Component returned failure code: 0x80070057 (NS_ERROR_ILLEGAL_VALUE) [nsIPrefBranch.removeObserver]

###!!! [Parent][MessageChannel] Error: (msgtype=0x580001,name=PHttpBackgroundChannel::Msg_OnStartRequestSent) Channel error: cannot send/recv


###!!! [Parent][MessageChannel] Error: (msgtype=0x580003,name=PHttpBackgroundChannel::Msg_OnStopRequest) Channel error: cannot send/recv


###!!! [Parent][MessageChannel] Error: (msgtype=0x580006,name=PHttpBackgroundChannel::Msg___delete__) Channel error: cannot send/recv

1580854332386	mozrunner::runner	INFO	Running command: "/usr/bin/firefox" "-marionette" "-foreground" "-no-remote" "-profile" "/tmp/rust_mozprofile.HN1ITPKqnmC1"
1580854333117	addons.webextension.doh-rollout@mozilla.org	WARN	Loading extension 'doh-rollout@mozilla.org': Reading manifest: Invalid extension permission: networkStatus
1580854333268	addons.webextension.screenshots@mozilla.org	WARN	Loading extension 'screenshots@mozilla.org': Reading manifest: Invalid extension permission: mozillaAddons
1580854333268	addons.webextension.screenshots@mozilla.org	WARN	Loading extension 'screenshots@mozilla.org': Reading manifest: Invalid extension permission: telemetry
1580854333268	addons.webextension.screenshots@mozilla.org	WARN	Loading extension 'screenshots@mozilla.org': Reading manifest: Invalid extension permission: resource://pdf.js/
1580854333268	addons.webextension.screenshots@mozilla.org	WARN	Loading extension 'screenshots@mozilla.org': Reading manifest: Invalid extension permission: about:reader*
1580854335754	Marionette	INFO	Listening on port 37809
1580854335796	Marionette	WARN	TLS certificate errors will be ignored for this session
1580854337059	Marionette	INFO	Stopped listening on port 37809
JavaScript error: resource://services-settings/RemoteSettingsClient.jsm, line 149: Error: Unknown callback
1580854458555	mozrunner::runner	INFO	Running command: "/usr/bin/firefox" "-marionette" "-foreground" "-no-remote" "-profile" "/tmp/rust_mozprofile.tIjKykF4Byhd"
1580854459189	addons.webextension.doh-rollout@mozilla.org	WARN	Loading extension 'doh-rollout@mozilla.org': Reading manifest: Invalid extension permission: networkStatus
1580854459337	addons.webextension.screenshots@mozilla.org	WARN	Loading extension 'screenshots@mozilla.org': Reading manifest: Invalid extension permission: mozillaAddons
1580854459337	addons.webextension.screenshots@mozilla.org	WARN	Loading extension 'screenshots@mozilla.org': Reading manifest: Invalid extension permission: telemetry
1580854459337	addons.webextension.screenshots@mozilla.org	WARN	Loading extension 'screenshots@mozilla.org': Reading manifest: Invalid extension permission: resource://pdf.js/
1580854459337	addons.webextension.screenshots@mozilla.org	WARN	Loading extension 'screenshots@mozilla.org': Reading manifest: Invalid extension permission: about:reader*
1580854461621	Marionette	INFO	Listening on port 41995
1580854461665	Marionette	WARN	TLS certificate errors will be ignored for this session
1580854462854	Marionette	INFO	Stopped listening on port 41995
JavaScript error: resource://activity-stream/lib/ActivityStreamPrefs.jsm, line 27: NS_ERROR_ILLEGAL_VALUE: Component returned failure code: 0x80070057 (NS_ERROR_ILLEGAL_VALUE) [nsIPrefBranch.removeObserver]
JavaScript error: resource://services-settings/RemoteSettingsClient.jsm, line 149: Error: Unknown callback
JavaScript error: resource://gre/modules/Sqlite.jsm, line 912: Error: Connection is not open.
JavaScript error: resource://gre/modules/IndexedDB.jsm, line 370: UnknownError: The operation failed for reasons unrelated to the database itself and not covered by any other error code.

###!!! [Parent][DispatchAsyncMessage] Error: PBackgroundIDBFactory::Msg_PBackgroundIDBFactoryRequestConstructor Value error: message was deserialized, but contained an illegal value

JavaScript error: resource://services-common/kinto-offline-client.js, line 603: Error: IndexedDB list() The operation failed for reasons unrelated to the database itself and not covered by any other error code.
console.error: (new Error("SessionFile is closed", "resource:///modules/sessionstore/SessionFile.jsm", 433))
1580903769701	mozrunner::runner	INFO	Running command: "/usr/bin/firefox" "-marionette" "-foreground" "-no-remote" "-profile" "/tmp/rust_mozprofile.QiDsEUbqtEG0"
1580903776079	addons.webextension.doh-rollout@mozilla.org	WARN	Loading extension 'doh-rollout@mozilla.org': Reading manifest: Invalid extension permission: networkStatus
1580903776967	addons.webextension.screenshots@mozilla.org	WARN	Loading extension 'screenshots@mozilla.org': Reading manifest: Invalid extension permission: mozillaAddons
1580903776967	addons.webextension.screenshots@mozilla.org	WARN	Loading extension 'screenshots@mozilla.org': Reading manifest: Invalid extension permission: telemetry
1580903776967	addons.webextension.screenshots@mozilla.org	WARN	Loading extension 'screenshots@mozilla.org': Reading manifest: Invalid extension permission: resource://pdf.js/
1580903776967	addons.webextension.screenshots@mozilla.org	WARN	Loading extension 'screenshots@mozilla.org': Reading manifest: Invalid extension permission: about:reader*
1580903783939	Marionette	INFO	Listening on port 33697
1580903783983	Marionette	WARN	TLS certificate errors will be ignored for this session
1580903785382	Marionette	INFO	Stopped listening on port 33697
JavaScript error: resource://activity-stream/lib/ActivityStreamPrefs.jsm, line 27: NS_ERROR_ILLEGAL_VALUE: Component returned failure code: 0x80070057 (NS_ERROR_ILLEGAL_VALUE) [nsIPrefBranch.removeObserver]
1580903785573	addons.xpi-utils	WARN	Error: XPI database modified after shutdown began(resource://gre/modules/addons/XPIDatabase.jsm:1478:17) JS Stack trace: saveChanges@XPIDatabase.jsm:1478:17
makeAddonVisible@XPIDatabase.jsm:2281:10
addToDatabase@XPIDatabase.jsm:2208:12
install@XPIInstall.jsm:4343:27
_activateAddon@XPIInstall.jsm:4370:7
1580903785574	addons.xpi-utils	WARN	Error: XPI database modified after shutdown began(resource://gre/modules/addons/XPIDatabase.jsm:1478:17) JS Stack trace: saveChanges@XPIDatabase.jsm:1478:17
addToDatabase@XPIDatabase.jsm:2211:10
install@XPIInstall.jsm:4343:27
_activateAddon@XPIInstall.jsm:4370:7
1580903785886	addons.xpi-utils	WARN	Error: XPI database modified after shutdown began(resource://gre/modules/addons/XPIDatabase.jsm:1478:17) JS Stack trace: saveChanges@XPIDatabase.jsm:1478:17
makeAddonVisible@XPIDatabase.jsm:2281:10
addToDatabase@XPIDatabase.jsm:2208:12
install@XPIInstall.jsm:4343:27
_activateAddon@XPIInstall.jsm:4370:7
1580903785886	addons.xpi-utils	WARN	Error: XPI database modified after shutdown began(resource://gre/modules/addons/XPIDatabase.jsm:1478:17) JS Stack trace: saveChanges@XPIDatabase.jsm:1478:17
addToDatabase@XPIDatabase.jsm:2211:10
install@XPIInstall.jsm:4343:27
_activateAddon@XPIInstall.jsm:4370:7
1580905242483	mozrunner::runner	INFO	Running command: "/usr/bin/firefox" "-marionette" "-foreground" "-no-remote" "-profile" "/tmp/rust_mozprofile.bvF2JrtlSolU"
1580905243063	addons.webextension.doh-rollout@mozilla.org	WARN	Loading extension 'doh-rollout@mozilla.org': Reading manifest: Invalid extension permission: networkStatus
1580905243209	addons.webextension.screenshots@mozilla.org	WARN	Loading extension 'screenshots@mozilla.org': Reading manifest: Invalid extension permission: mozillaAddons
1580905243209	addons.webextension.screenshots@mozilla.org	WARN	Loading extension 'screenshots@mozilla.org': Reading manifest: Invalid extension permission: telemetry
1580905243209	addons.webextension.screenshots@mozilla.org	WARN	Loading extension 'screenshots@mozilla.org': Reading manifest: Invalid extension permission: resource://pdf.js/
1580905243209	addons.webextension.screenshots@mozilla.org	WARN	Loading extension 'screenshots@mozilla.org': Reading manifest: Invalid extension permission: about:reader*
1580905245302	Marionette	INFO	Listening on port 33617
1580905245395	Marionette	WARN	TLS certificate errors will be ignored for this session
1580905246699	Marionette	INFO	Stopped listening on port 33617
JavaScript error: resource://activity-stream/lib/ActivityStreamPrefs.jsm, line 27: NS_ERROR_ILLEGAL_VALUE: Component returned failure code: 0x80070057 (NS_ERROR_ILLEGAL_VALUE) [nsIPrefBranch.removeObserver]
JavaScript error: resource://services-settings/RemoteSettingsClient.jsm, line 149: Error: Unknown callback
1621296999448	mozrunner::runner	INFO	Running command: "/snap/bin/firefox" "-marionette" "-foreground" "-no-remote" "-profile" "/tmp/rust_mozprofile.FMvmZ4SvxToQ"
Gtk-Message: 21:16:39.750: Failed to load module "canberra-gtk-module"
Gtk-Message: 21:16:39.752: Failed to load module "canberra-gtk-module"
[GFX1-]: glxtest: libpci missing

###!!! [Child][RunMessage] Error: Channel closing: too late to send/recv, messages will be lost

1621297033104	mozrunner::runner	INFO	Running command: "/snap/bin/firefox" "-marionette" "-foreground" "-no-remote" "-profile" "/tmp/rust_mozprofile.lNITqq9Fu3aO"
Gtk-Message: 21:17:13.298: Failed to load module "canberra-gtk-module"
Gtk-Message: 21:17:13.299: Failed to load module "canberra-gtk-module"
[GFX1-]: glxtest: libpci missing

###!!! [Child][RunMessage] Error: Channel closing: too late to send/recv, messages will be lost

1621297221983	mozrunner::runner	INFO	Running command: "/snap/bin/firefox" "-marionette" "-foreground" "-no-remote" "-profile" "/tmp/rust_mozprofile.YU4Fyt2D3G8I"
Gtk-Message: 21:20:22.181: Failed to load module "canberra-gtk-module"
Gtk-Message: 21:20:22.183: Failed to load module "canberra-gtk-module"
[GFX1-]: glxtest: libpci missing
1621297463020	mozrunner::runner	INFO	Running command: "/snap/bin/firefox" "-marionette" "-foreground" "-no-remote" "-profile" "/tmp/rust_mozprofile.9meuFejpgPY0"
Gtk-Message: 21:24:23.214: Failed to load module "canberra-gtk-module"
Gtk-Message: 21:24:23.216: Failed to load module "canberra-gtk-module"
[GFX1-]: glxtest: libpci missing

###!!! [Child][RunMessage] Error: Channel closing: too late to send/recv, messages will be lost

1621297551863	mozrunner::runner	INFO	Running command: "/snap/bin/firefox" "-marionette" "-foreground" "-no-remote" "-profile" "/tmp/rust_mozprofile.Jbb5YpJvI8sS"
Gtk-Message: 21:25:52.058: Failed to load module "canberra-gtk-module"
Gtk-Message: 21:25:52.060: Failed to load module "canberra-gtk-module"
[GFX1-]: glxtest: libpci missing
1621302635631	mozrunner::runner	INFO	Running command: "/snap/bin/firefox" "-marionette" "-foreground" "-no-remote" "-profile" "/tmp/rust_mozprofile.RvFAeylqJeY8"
Gtk-Message: 22:50:35.837: Failed to load module "canberra-gtk-module"
Gtk-Message: 22:50:35.838: Failed to load module "canberra-gtk-module"
[GFX1-]: glxtest: libpci missing
1621302856550	mozrunner::runner	INFO	Running command: "/snap/bin/firefox" "-marionette" "-foreground" "-no-remote" "-profile" "/tmp/rust_mozprofile.cCvXlAmfPFnm"
Gtk-Message: 22:54:16.775: Failed to load module "canberra-gtk-module"
Gtk-Message: 22:54:16.776: Failed to load module "canberra-gtk-module"
[GFX1-]: glxtest: libpci missing
1621303112779	mozrunner::runner	INFO	Running command: "/snap/bin/firefox" "-marionette" "-foreground" "-no-remote" "-profile" "/tmp/rust_mozprofile.ulMkLXIyR2Tp"
Gtk-Message: 22:58:33.027: Failed to load module "canberra-gtk-module"
Gtk-Message: 22:58:33.028: Failed to load module "canberra-gtk-module"
[GFX1-]: glxtest: libpci missing

###!!! [Child][RunMessage] Error: Channel closing: too late to send/recv, messages will be lost

1621303205868	mozrunner::runner	INFO	Running command: "/snap/bin/firefox" "-marionette" "-foreground" "-no-remote" "-profile" "/tmp/rust_mozprofile.TfLrnZb3abjo"
Gtk-Message: 23:00:06.073: Failed to load module "canberra-gtk-module"
Gtk-Message: 23:00:06.074: Failed to load module "canberra-gtk-module"
[GFX1-]: glxtest: libpci missing

###!!! [Child][RunMessage] Error: Channel closing: too late to send/recv, messages will be lost

1621303431726	mozrunner::runner	INFO	Running command: "/snap/bin/firefox" "-marionette" "-foreground" "-no-remote" "-profile" "/tmp/rust_mozprofile.VgSJ27jkVrjB"
Gtk-Message: 23:03:52.623: Failed to load module "canberra-gtk-module"
Gtk-Message: 23:03:52.642: Failed to load module "canberra-gtk-module"
[GFX1-]: glxtest: libpci missing

###!!! [Child][RunMessage] Error: Channel closing: too late to send/recv, messages will be lost

1621303502670	mozrunner::runner	INFO	Running command: "/snap/bin/firefox" "-marionette" "-foreground" "-no-remote" "-profile" "/tmp/rust_mozprofile.qBjj4MeguSao"
Gtk-Message: 23:05:02.878: Failed to load module "canberra-gtk-module"
Gtk-Message: 23:05:02.880: Failed to load module "canberra-gtk-module"
[GFX1-]: glxtest: libpci missing

###!!! [Child][RunMessage] Error: Channel closing: too late to send/recv, messages will be lost


###!!! [Parent][RunMessage] Error: Channel closing: too late to send/recv, messages will be lost

1621304087111	mozrunner::runner	INFO	Running command: "/usr/bin/firefox" "-marionette" "-foreground" "-no-remote" "-profile" "/tmp/rust_mozprofile.s2b7B5kKOv2D"
1621304088892	Marionette	INFO	Marionette enabled
console.warn: SearchSettings: "get: No settings file exists, new profile?" (new Error("", "(unknown module)"))
1621304092216	Marionette	INFO	Listening on port 40147
1621304092275	Marionette	WARN	TLS certificate errors will be ignored for this session
1621304127345	mozrunner::runner	INFO	Running command: "/usr/bin/firefox" "-marionette" "-foreground" "-no-remote" "-profile" "/tmp/rust_mozprofile.WkhrVdf8ArAS"
1621304128814	Marionette	INFO	Marionette enabled
console.warn: SearchSettings: "get: No settings file exists, new profile?" (new Error("", "(unknown module)"))
1621304131903	Marionette	INFO	Listening on port 38955
1621304131975	Marionette	WARN	TLS certificate errors will be ignored for this session
1621304163005	Marionette	INFO	Stopped listening on port 38955

###!!! [Parent][RunMessage] Error: Channel closing: too late to send/recv, messages will be lost

1621304167352	Marionette	INFO	Stopped listening on port 40147

###!!! [Parent][RunMessage] Error: Channel closing: too late to send/recv, messages will be lost

1621304221141	mozrunner::runner	INFO	Running command: "/usr/bin/firefox" "-marionette" "-foreground" "-no-remote" "-profile" "/tmp/rust_mozprofile.iyjIVHPdvLmt"
1621304223074	Marionette	INFO	Marionette enabled
console.warn: SearchSettings: "get: No settings file exists, new profile?" (new Error("", "(unknown module)"))
1621304226638	Marionette	INFO	Listening on port 41141
1621304226676	Marionette	WARN	TLS certificate errors will be ignored for this session
1621304284923	mozrunner::runner	INFO	Running command: "/usr/bin/firefox" "-marionette" "-foreground" "-no-remote" "-profile" "/tmp/rust_mozprofile.2qP4D31hm2qu"
1621304286497	Marionette	INFO	Marionette enabled
console.warn: SearchSettings: "get: No settings file exists, new profile?" (new Error("", "(unknown module)"))
1621304289553	Marionette	INFO	Listening on port 39685
1621304289670	Marionette	WARN	TLS certificate errors will be ignored for this session
1621304303487	Marionette	INFO	Stopped listening on port 39685
1621304338048	Marionette	INFO	Stopped listening on port 41141

###!!! [Parent][RunMessage] Error: Channel closing: too late to send/recv, messages will be lost

1621304342442	mozrunner::runner	INFO	Running command: "/usr/bin/firefox" "-marionette" "-foreground" "-no-remote" "-profile" "/tmp/rust_mozprofile.xDZUBiwZOKJy"
1621304344010	Marionette	INFO	Marionette enabled
console.warn: SearchSettings: "get: No settings file exists, new profile?" (new Error("", "(unknown module)"))
1621304346833	Marionette	INFO	Listening on port 38473
1621304346877	Marionette	WARN	TLS certificate errors will be ignored for this session
1621304372418	Marionette	INFO	Stopped listening on port 38473

###!!! [Parent][RunMessage] Error: Channel closing: too late to send/recv, messages will be lost

1621342301779	mozrunner::runner	INFO	Running command: "/usr/bin/firefox" "-marionette" "-foreground" "-no-remote" "-profile" "/tmp/rust_mozprofile.3SNzwaNMVUYQ"
1621342303291	Marionette	INFO	Marionette enabled
console.warn: SearchSettings: "get: No settings file exists, new profile?" (new Error("", "(unknown module)"))
1621342306069	Marionette	INFO	Listening on port 37243
1621342306124	Marionette	WARN	TLS certificate errors will be ignored for this session
1621342333796	mozrunner::runner	INFO	Running command: "/usr/bin/firefox" "-marionette" "-foreground" "-no-remote" "-profile" "/tmp/rust_mozprofile.jDPZQgXZFXlb"
1621342335384	Marionette	INFO	Marionette enabled
console.warn: SearchSettings: "get: No settings file exists, new profile?" (new Error("", "(unknown module)"))
1621342338253	Marionette	INFO	Listening on port 39325
1621342338364	Marionette	WARN	TLS certificate errors will be ignored for this session
1621342348446	mozrunner::runner	INFO	Running command: "/usr/bin/firefox" "-marionette" "-foreground" "-no-remote" "-profile" "/tmp/rust_mozprofile.hSGbQrKwvhEK"
1621342349962	Marionette	INFO	Marionette enabled
console.warn: SearchSettings: "get: No settings file exists, new profile?" (new Error("", "(unknown module)"))
1621342353348	Marionette	INFO	Listening on port 33945
1621342353385	Marionette	WARN	TLS certificate errors will be ignored for this session
1621342361816	Marionette	INFO	Stopped listening on port 33945
1621342362390	Marionette	INFO	Stopped listening on port 39325
1621342363061	Marionette	INFO	Stopped listening on port 37243
1621343053098	mozrunner::runner	INFO	Running command: "/usr/bin/firefox" "-marionette" "-foreground" "-no-remote" "-profile" "/tmp/rust_mozprofile.IwkzxugJ4WCb"
1621343056045	Marionette	INFO	Marionette enabled
console.warn: SearchSettings: "get: No settings file exists, new profile?" (new Error("", "(unknown module)"))
1621343062751	Marionette	INFO	Listening on port 37745
1621343063045	Marionette	WARN	TLS certificate errors will be ignored for this session
1621343108502	Marionette	INFO	Stopped listening on port 37745
1621344642740	mozrunner::runner	INFO	Running command: "/usr/bin/firefox" "-marionette" "-foreground" "-no-remote" "-profile" "/tmp/rust_mozprofile.8UeF71UP2f2X"
1621344645236	Marionette	INFO	Marionette enabled
console.warn: SearchSettings: "get: No settings file exists, new profile?" (new Error("", "(unknown module)"))
1621344648480	Marionette	INFO	Listening on port 37951
1621344648577	Marionette	WARN	TLS certificate errors will be ignored for this session
1621344665157	mozrunner::runner	INFO	Running command: "/usr/bin/firefox" "-marionette" "-foreground" "-no-remote" "-profile" "/tmp/rust_mozprofile.2BFGbB1PfCnq"
1621344666728	Marionette	INFO	Marionette enabled
console.warn: SearchSettings: "get: No settings file exists, new profile?" (new Error("", "(unknown module)"))
1621344670068	Marionette	INFO	Listening on port 37195
1621344670097	Marionette	WARN	TLS certificate errors will be ignored for this session
1621344681574	Marionette	INFO	Stopped listening on port 37195

###!!! [Parent][RunMessage] Error: Channel closing: too late to send/recv, messages will be lost

1621344685341	Marionette	INFO	Stopped listening on port 37951
1621344862407	mozrunner::runner	INFO	Running command: "/usr/bin/firefox" "-marionette" "-foreground" "-no-remote" "-profile" "/tmp/rust_mozprofile.m5xOQAxZeub9"
1621344864038	Marionette	INFO	Marionette enabled
console.warn: SearchSettings: "get: No settings file exists, new profile?" (new Error("", "(unknown module)"))
1621344867043	Marionette	INFO	Listening on port 37027
1621344867140	Marionette	WARN	TLS certificate errors will be ignored for this session
1621344936075	Marionette	INFO	Stopped listening on port 37027

###!!! [Parent][RunMessage] Error: Channel closing: too late to send/recv, messages will be lost

1621345262132	mozrunner::runner	INFO	Running command: "/usr/bin/firefox" "-marionette" "-foreground" "-no-remote" "-profile" "/tmp/rust_mozprofile.jHRcWdir89iC"
1621345263652	Marionette	INFO	Marionette enabled
console.warn: SearchSettings: "get: No settings file exists, new profile?" (new Error("", "(unknown module)"))
1621345266430	Marionette	INFO	Listening on port 39565
1621345266472	Marionette	WARN	TLS certificate errors will be ignored for this session
1621345294798	Marionette	INFO	Stopped listening on port 39565

###!!! [Parent][RunMessage] Error: Channel closing: too late to send/recv, messages will be lost

1621345397942	mozrunner::runner	INFO	Running command: "/usr/bin/firefox" "-marionette" "-foreground" "-no-remote" "-profile" "/tmp/rust_mozprofile.dAuRfrQjSptt"
1621345399471	Marionette	INFO	Marionette enabled
console.warn: SearchSettings: "get: No settings file exists, new profile?" (new Error("", "(unknown module)"))
1621345402144	Marionette	INFO	Listening on port 37983
1621345402182	Marionette	WARN	TLS certificate errors will be ignored for this session
1621345402387	Marionette	INFO	Stopped listening on port 37983
JavaScript error: resource://activity-stream/lib/ActivityStreamPrefs.jsm, line 27: NS_ERROR_ILLEGAL_VALUE: Component returned failure code: 0x80070057 (NS_ERROR_ILLEGAL_VALUE) [nsIPrefBranch.removeObserver]
console.warn: services.settings: main/partitioning-exempt-urls sync interrupted by shutdown
JavaScript error: resource://gre/modules/ExtensionSettingsStore.jsm, line 122: Error: The ExtensionSettingsStore was accessed before the initialize promise resolved.
console.log: "RemoteSettingsWorker error: Error: Can't import when we've started shutting down."
console.log: "RemoteSettingsWorker error: Error: Can't import when we've started shutting down."
console.log: "RemoteSettingsWorker error: Error: Can't import when we've started shutting down."
console.log: "RemoteSettingsWorker error: Error: Can't import when we've started shutting down."
console.log: "RemoteSettingsWorker error: Error: Can't import when we've started shutting down."
console.error: "Could not load engine google@search.mozilla.org: [Exception... \"AddonManager is not initialized\"  nsresult: \"0xc1f30001 (NS_ERROR_NOT_INITIALIZED)\"  location: \"JS frame :: resource://gre/modules/AddonManager.jsm :: installBuiltinAddon :: line 2550\"  data: no]"
console.error: "Could not load engine amazondotcom@search.mozilla.org: [Exception... \"AddonManager is not initialized\"  nsresult: \"0xc1f30001 (NS_ERROR_NOT_INITIALIZED)\"  location: \"JS frame :: resource://gre/modules/AddonManager.jsm :: installBuiltinAddon :: line 2550\"  data: no]"
console.error: "Could not load engine drae@search.mozilla.org: [Exception... \"AddonManager is not initialized\"  nsresult: \"0xc1f30001 (NS_ERROR_NOT_INITIALIZED)\"  location: \"JS frame :: resource://gre/modules/AddonManager.jsm :: installBuiltinAddon :: line 2550\"  data: no]"
console.error: "Could not load engine wikipedia@search.mozilla.org: [Exception... \"AddonManager is not initialized\"  nsresult: \"0xc1f30001 (NS_ERROR_NOT_INITIALIZED)\"  location: \"JS frame :: resource://gre/modules/AddonManager.jsm :: installBuiltinAddon :: line 2550\"  data: no]"
console.error: "Could not load engine ddg@search.mozilla.org: [Exception... \"AddonManager is not initialized\"  nsresult: \"0xc1f30001 (NS_ERROR_NOT_INITIALIZED)\"  location: \"JS frame :: resource://gre/modules/AddonManager.jsm :: installBuiltinAddon :: line 2550\"  data: no]"
console.error: "Could not load engine mercadolibre@search.mozilla.org: [Exception... \"AddonManager is not initialized\"  nsresult: \"0xc1f30001 (NS_ERROR_NOT_INITIALIZED)\"  location: \"JS frame :: resource://gre/modules/AddonManager.jsm :: installBuiltinAddon :: line 2550\"  data: no]"
console.warn: SearchService: "_init: abandoning init due to shutting down"
JavaScript error: , line 0: uncaught exception: 2147500036
JavaScript error: , line 0: uncaught exception: 2147500036
JavaScript error: , line 0: uncaught exception: 2147500036
JavaScript error: , line 0: uncaught exception: 2147500036
JavaScript error: , line 0: uncaught exception: 2147500036
JavaScript error: , line 0: uncaught exception: 2147500036
JavaScript error: , line 0: uncaught exception: 2147500036
JavaScript error: , line 0: uncaught exception: 2147500036
console.error: PushService: 
  stateChangeProcessEnqueue: Error transitioning state
  AbortError
console.error: PushService: 
  clearOriginData: Error clearing origin data:
  AbortError

###!!! [Parent][RunMessage] Error: Channel closing: too late to send/recv, messages will be lost

error: Found argument '--websocket-port' which wasn't expected, or isn't valid in this context

USAGE:
    geckodriver [FLAGS] [OPTIONS]

For more information try --help
error: Found argument '--websocket-port' which wasn't expected, or isn't valid in this context

USAGE:
    geckodriver [FLAGS] [OPTIONS]

For more information try --help
error: Found argument '--websocket-port' which wasn't expected, or isn't valid in this context

USAGE:
    geckodriver [FLAGS] [OPTIONS]

For more information try --help
1649547323343	geckodriver	INFO	Listening on 127.0.0.1:60079
1649547323348	mozrunner::runner	INFO	Running command: "/snap/bin/firefox" "--marionette" "--remote-debugging-port" "33543" "-no-remote" "-profile" "/tmp/rust_mozprofileyqCLWd"
Gtk-Message: 20:35:27.311: Failed to load module "canberra-gtk-module"
Gtk-Message: 20:35:27.396: Failed to load module "canberra-gtk-module"
ATTENTION: default value of option mesa_glthread overridden by environment.
ATTENTION: default value of option mesa_glthread overridden by environment.
ATTENTION: default value of option mesa_glthread overridden by environment.
ATTENTION: default value of option mesa_glthread overridden by environment.
Fontconfig warning: "/etc/fonts/conf.avail/53-monospace-lcd-filter.conf", line 10: Having multiple values in <test> isn't supported and may not work as expected

###!!! [Parent][PImageBridgeParent] Error: RunMessage(msgname=PImageBridge::Msg_WillClose) Channel closing: too late to send/recv, messages will be lost

1649547376830	geckodriver	INFO	Listening on 127.0.0.1:44417
1649547376857	mozrunner::runner	INFO	Running command: "/snap/bin/firefox" "--marionette" "--remote-debugging-port" "57037" "-no-remote" "-profile" "/tmp/rust_mozprofileFYbGN3"
Gtk-Message: 20:36:19.022: Failed to load module "canberra-gtk-module"
Gtk-Message: 20:36:19.028: Failed to load module "canberra-gtk-module"
ATTENTION: default value of option mesa_glthread overridden by environment.
ATTENTION: default value of option mesa_glthread overridden by environment.
ATTENTION: default value of option mesa_glthread overridden by environment.
ATTENTION: default value of option mesa_glthread overridden by environment.
Fontconfig warning: "/etc/fonts/conf.avail/53-monospace-lcd-filter.conf", line 10: Having multiple values in <test> isn't supported and may not work as expected
1649547531059	geckodriver	INFO	Listening on 127.0.0.1:37911
1649547531224	mozrunner::runner	INFO	Running command: "/snap/bin/firefox" "--marionette" "--remote-debugging-port" "51113" "-no-remote" "-profile" "/tmp/rust_mozprofilefq1DCP"
Gtk-Message: 20:38:55.950: Failed to load module "canberra-gtk-module"
Gtk-Message: 20:38:55.969: Failed to load module "canberra-gtk-module"
ATTENTION: default value of option mesa_glthread overridden by environment.
ATTENTION: default value of option mesa_glthread overridden by environment.
ATTENTION: default value of option mesa_glthread overridden by environment.
ATTENTION: default value of option mesa_glthread overridden by environment.
Fontconfig warning: "/etc/fonts/conf.avail/53-monospace-lcd-filter.conf", line 10: Having multiple values in <test> isn't supported and may not work as expected
1649547758865	geckodriver	INFO	Listening on 127.0.0.1:57129
1649547759414	mozrunner::runner	INFO	Running command: "/snap/bin/firefox" "--marionette" "--remote-debugging-port" "56875" "-no-remote" "-profile" "/tmp/rust_mozprofileOXnHkW"
Gtk-Message: 20:42:46.797: Failed to load module "canberra-gtk-module"
Gtk-Message: 20:42:46.802: Failed to load module "canberra-gtk-module"
ATTENTION: default value of option mesa_glthread overridden by environment.
ATTENTION: default value of option mesa_glthread overridden by environment.
ATTENTION: default value of option mesa_glthread overridden by environment.
ATTENTION: default value of option mesa_glthread overridden by environment.
Fontconfig warning: "/etc/fonts/conf.avail/53-monospace-lcd-filter.conf", line 10: Having multiple values in <test> isn't supported and may not work as expected
1649547800805	geckodriver	INFO	Listening on 127.0.0.1:33185
1649547800821	mozrunner::runner	INFO	Running command: "/snap/bin/firefox" "--marionette" "--remote-debugging-port" "54205" "-no-remote" "-profile" "/tmp/rust_mozprofilej5O3tz"
Gtk-Message: 20:43:21.302: Failed to load module "canberra-gtk-module"
Gtk-Message: 20:43:21.304: Failed to load module "canberra-gtk-module"
ATTENTION: default value of option mesa_glthread overridden by environment.
ATTENTION: default value of option mesa_glthread overridden by environment.
ATTENTION: default value of option mesa_glthread overridden by environment.
ATTENTION: default value of option mesa_glthread overridden by environment.
Fontconfig warning: "/etc/fonts/conf.avail/53-monospace-lcd-filter.conf", line 10: Having multiple values in <test> isn't supported and may not work as expected
1649547813976	geckodriver	INFO	Listening on 127.0.0.1:33609
1649547813982	mozrunner::runner	INFO	Running command: "/snap/bin/firefox" "--marionette" "--remote-debugging-port" "35717" "-no-remote" "-profile" "/tmp/rust_mozprofile1kH4OI"
Gtk-Message: 20:43:34.442: Failed to load module "canberra-gtk-module"
Gtk-Message: 20:43:34.444: Failed to load module "canberra-gtk-module"
ATTENTION: default value of option mesa_glthread overridden by environment.
ATTENTION: default value of option mesa_glthread overridden by environment.
ATTENTION: default value of option mesa_glthread overridden by environment.
ATTENTION: default value of option mesa_glthread overridden by environment.
Fontconfig warning: "/etc/fonts/conf.avail/53-monospace-lcd-filter.conf", line 10: Having multiple values in <test> isn't supported and may not work as expected
1649548005381	geckodriver	INFO	Listening on 127.0.0.1:60655
1649548005800	mozrunner::runner	INFO	Running command: "/snap/bin/firefox" "--marionette" "--remote-debugging-port" "46655" "-no-remote" "-profile" "/tmp/rust_mozprofilei1yzVF"
Gtk-Message: 20:46:52.501: Failed to load module "canberra-gtk-module"
Gtk-Message: 20:46:52.523: Failed to load module "canberra-gtk-module"
ATTENTION: default value of option mesa_glthread overridden by environment.
ATTENTION: default value of option mesa_glthread overridden by environment.
ATTENTION: default value of option mesa_glthread overridden by environment.
ATTENTION: default value of option mesa_glthread overridden by environment.
Fontconfig warning: "/etc/fonts/conf.avail/53-monospace-lcd-filter.conf", line 10: Having multiple values in <test> isn't supported and may not work as expected
1649548172122	geckodriver	INFO	Listening on 127.0.0.1:39609
1649548172128	mozrunner::runner	INFO	Running command: "/snap/bin/firefox" "--marionette" "--remote-debugging-port" "56381" "-no-remote" "-profile" "/tmp/rust_mozprofilesw1lWT"
Gtk-Message: 20:49:32.651: Failed to load module "canberra-gtk-module"
Gtk-Message: 20:49:32.654: Failed to load module "canberra-gtk-module"
ATTENTION: default value of option mesa_glthread overridden by environment.
ATTENTION: default value of option mesa_glthread overridden by environment.
ATTENTION: default value of option mesa_glthread overridden by environment.
ATTENTION: default value of option mesa_glthread overridden by environment.
Fontconfig warning: "/etc/fonts/conf.avail/53-monospace-lcd-filter.conf", line 10: Having multiple values in <test> isn't supported and may not work as expected
1649548523877	geckodriver	INFO	Listening on 127.0.0.1:49653
1649548523883	mozrunner::runner	INFO	Running command: "/snap/bin/firefox" "--marionette" "--remote-debugging-port" "50333" "-no-remote" "-profile" "/tmp/rust_mozprofileeVtCtV"
Gtk-Message: 20:55:24.358: Failed to load module "canberra-gtk-module"
Gtk-Message: 20:55:24.360: Failed to load module "canberra-gtk-module"
ATTENTION: default value of option mesa_glthread overridden by environment.
ATTENTION: default value of option mesa_glthread overridden by environment.
ATTENTION: default value of option mesa_glthread overridden by environment.
ATTENTION: default value of option mesa_glthread overridden by environment.
Fontconfig warning: "/etc/fonts/conf.avail/53-monospace-lcd-filter.conf", line 10: Having multiple values in <test> isn't supported and may not work as expected
1649548889545	geckodriver	INFO	Listening on 127.0.0.1:44821
1649548889551	mozrunner::runner	INFO	Running command: "/snap/bin/firefox" "--marionette" "--remote-debugging-port" "60077" "-no-remote" "-profile" "/tmp/rust_mozprofileh1wwOF"
Gtk-Message: 21:01:29.969: Failed to load module "canberra-gtk-module"
Gtk-Message: 21:01:29.970: Failed to load module "canberra-gtk-module"
ATTENTION: default value of option mesa_glthread overridden by environment.
ATTENTION: default value of option mesa_glthread overridden by environment.
ATTENTION: default value of option mesa_glthread overridden by environment.
ATTENTION: default value of option mesa_glthread overridden by environment.
Fontconfig warning: "/etc/fonts/conf.avail/53-monospace-lcd-filter.conf", line 10: Having multiple values in <test> isn't supported and may not work as expected
1649548909946	geckodriver	INFO	Listening on 127.0.0.1:58721
1649548909951	mozrunner::runner	INFO	Running command: "/snap/bin/firefox" "--marionette" "--remote-debugging-port" "54127" "-no-remote" "-profile" "/tmp/rust_mozprofileym6fFd"
Gtk-Message: 21:01:50.371: Failed to load module "canberra-gtk-module"
Gtk-Message: 21:01:50.373: Failed to load module "canberra-gtk-module"
ATTENTION: default value of option mesa_glthread overridden by environment.
ATTENTION: default value of option mesa_glthread overridden by environment.
ATTENTION: default value of option mesa_glthread overridden by environment.
ATTENTION: default value of option mesa_glthread overridden by environment.
Fontconfig warning: "/etc/fonts/conf.avail/53-monospace-lcd-filter.conf", line 10: Having multiple values in <test> isn't supported and may not work as expected
1649549970161	geckodriver	INFO	Listening on 127.0.0.1:36057
1649549970628	mozrunner::runner	INFO	Running command: "/usr/bin/firefox" "--marionette" "--remote-debugging-port" "43283" "-no-remote" "-profile" "/tmp/rust_mozprofilee1KG9K"
1649549974912	Marionette	INFO	Marionette enabled
console.warn: SearchSettings: "get: No settings file exists, new profile?" (new NotFoundError("Could not open the file at /tmp/rust_mozprofilee1KG9K/search.json.mozlz4", (void 0)))
DevTools listening on ws://localhost:43283/devtools/browser/dd4fa7df-407c-4cc9-b30b-0f327f91de15
1649549978179	Marionette	INFO	Listening on port 36763
1649549978535	RemoteAgent	WARN	TLS certificate errors will be ignored for this session
1649550118561	Marionette	INFO	Stopped listening on port 36763
console.warn: TopSitesFeed: Failed to fetch data from Contile server: NetworkError when attempting to fetch resource.
1649550195699	geckodriver	INFO	Listening on 127.0.0.1:52553
1649550195704	mozrunner::runner	INFO	Running command: "/usr/bin/firefox" "--marionette" "--remote-debugging-port" "41821" "-no-remote" "-profile" "/tmp/rust_mozprofileQIJKo7"
1649550197645	Marionette	INFO	Marionette enabled
console.warn: SearchSettings: "get: No settings file exists, new profile?" (new NotFoundError("Could not open the file at /tmp/rust_mozprofileQIJKo7/search.json.mozlz4", (void 0)))
DevTools listening on ws://localhost:41821/devtools/browser/d78199b7-44d6-4849-bf76-03c0bd6b1c0a
1649550200940	Marionette	INFO	Listening on port 33197
1649550201065	RemoteAgent	WARN	TLS certificate errors will be ignored for this session
1649550313602	Marionette	INFO	Stopped listening on port 33197
console.warn: TopSitesFeed: Failed to fetch data from Contile server: NetworkError when attempting to fetch resource.
